<?xml version="1.0" encoding="UTF-8"?>
<!-- Generated by org.testng.reporters.JUnitXMLReporter -->
<testsuite ignored="1" hostname="Lys-MacBook-Pro" failures="0" tests="3" name="SmokeTest" time="0.046" errors="0" timestamp="2022-03-01T13:06:29 EST">
  <testcase classname="day10.groupTests" name="test1" time="0.006"/>
  <testcase classname="day10.groupTests" name="test2" time="0.0"/>
  <testcase classname="day10.groupTests" name="test3" time="0.001"/>
  <testcase classname="day10.groupTests" name="test4" time="0.0">
    <ignored/>
  </testcase> <!-- test4 -->
</testsuite> <!-- SmokeTest -->
