<?xml version="1.0" encoding="UTF-8"?>
<!-- Generated by org.testng.reporters.JUnitXMLReporter -->
<testsuite ignored="6" hostname="Lys-MacBook-Pro" failures="0" tests="0" time="0.007" errors="0" timestamp="2022-02-24T21:50:21 EST">
  <testcase classname="day10.dependsOnTest" name="signIn" time="0.0">
    <ignored/>
  </testcase> <!-- signIn -->
  <testcase classname="day10.groupTests" name="test1" time="0.0">
    <ignored/>
  </testcase> <!-- test1 -->
  <testcase classname="day10.groupTests" name="test4" time="0.0">
    <ignored/>
  </testcase> <!-- test4 -->
  <testcase classname="day10.dependsOnTest" name="openBrowser" time="0.0">
    <ignored/>
  </testcase> <!-- openBrowser -->
  <testcase classname="day10.groupTests" name="test2" time="0.0">
    <ignored/>
  </testcase> <!-- test2 -->
  <testcase classname="day10.groupTests" name="test3" time="0.0">
    <ignored/>
  </testcase> <!-- test3 -->
</testsuite>
