<?xml version="1.0" encoding="UTF-8"?>
<testng-results ignored="0" total="1" passed="1" failed="0" skipped="0">
  <reporter-output>
  </reporter-output>
  <suite started-at="2022-03-09T11:32:54 EST" name="Default suite" finished-at="2022-03-09T11:33:05 EST" duration-ms="11184">
    <groups>
    </groups>
    <test started-at="2022-03-09T11:32:54 EST" name="Default test" finished-at="2022-03-09T11:33:05 EST" duration-ms="11184">
      <class name="Day12.myAccountLogin">
        <test-method is-config="true" signature="beforeTest()[pri:0, instance:Day12.myAccountLogin@77eca502]" started-at="2022-03-09T11:32:54 EST" name="beforeTest" finished-at="2022-03-09T11:33:00 EST" duration-ms="6393" status="PASS">
          <reporter-output>
          </reporter-output>
        </test-method> <!-- beforeTest -->
        <test-method signature="loginWithValidUserNamePassword()[pri:0, instance:Day12.myAccountLogin@77eca502]" started-at="2022-03-09T11:33:00 EST" name="loginWithValidUserNamePassword" finished-at="2022-03-09T11:33:05 EST" duration-ms="4757" status="PASS">
          <reporter-output>
          </reporter-output>
        </test-method> <!-- loginWithValidUserNamePassword -->
      </class> <!-- Day12.myAccountLogin -->
    </test> <!-- Default test -->
  </suite> <!-- Default suite -->
</testng-results>
